<?xml version="1.0" encoding="UTF-8"?>
<!-- Generated by org.testng.reporters.JUnitXMLReporter -->
<testsuite hostname="DESKTOP-P8L6JL1" ignored="0" name="login test" tests="5" failures="0" timestamp="03 Jul 2021 11:15:30 GMT" time="18.184" errors="0">
  <testcase name="openBrowser" time="9.494" classname="Automation.BookMyShow.loginFunctionalityTest"/>
  <testcase name="signUpNCR" time="1.645" classname="Automation.BookMyShow.loginFunctionalityTest"/>
  <testcase name="signUp" time="0.701" classname="Automation.BookMyShow.loginFunctionalityTest"/>
  <testcase name="signUpUsingGoogle" time="0.856" classname="Automation.BookMyShow.loginFunctionalityTest"/>
  <testcase name="switchWindow" time="0.316" classname="Automation.BookMyShow.loginFunctionalityTest"/>
</testsuite> <!-- login test -->
