<?xml version="1.0" encoding="UTF-8"?>
<!-- Generated by org.testng.reporters.JUnitXMLReporter -->
<testsuite hostname="DESKTOP-P8L6JL1" ignored="0" name="movie Name test" tests="3" failures="0" timestamp="03 Jul 2021 11:15:51 GMT" time="20.425" errors="0">
  <testcase name="openBrowser" time="6.749" classname="Automation.BookMyShow.movieNameCollectionTest"/>
  <testcase name="signUpNCR" time="2.226" classname="Automation.BookMyShow.movieNameCollectionTest"/>
  <testcase name="moviesData" time="6.767" classname="Automation.BookMyShow.movieNameCollectionTest"/>
</testsuite> <!-- movie Name test -->
