<?xml version="1.0" encoding="UTF-8"?>
<!-- Generated by org.testng.reporters.JUnitXMLReporter -->
<testsuite hostname="DESKTOP-P8L6JL1" ignored="0" name="Test" tests="3" failures="0" timestamp="27 Jun 2021 07:07:31 GMT" time="17.642" errors="0">
  <testcase name="openBrowser" time="8.517" classname="Automation.BookMyShow.movieNameCollectionTest"/>
  <testcase name="signUpNCR" time="1.881" classname="Automation.BookMyShow.movieNameCollectionTest"/>
  <testcase name="moviesData" time="4.304" classname="Automation.BookMyShow.movieNameCollectionTest"/>
</testsuite> <!-- Test -->
