<?xml version="1.0" encoding="UTF-8"?>
<!-- Generated by org.testng.reporters.JUnitXMLReporter -->
<testsuite hostname="DESKTOP-P8L6JL1" ignored="0" name="login test" tests="5" failures="0" timestamp="04 Jul 2021 08:58:55 GMT" time="24.966" errors="0">
  <testcase name="openBrowser" time="10.258" classname="Automation.BookMyShow.loginFunctionalityTest"/>
  <testcase name="signUpNCR" time="1.561" classname="Automation.BookMyShow.loginFunctionalityTest"/>
  <testcase name="signUp" time="0.796" classname="Automation.BookMyShow.loginFunctionalityTest"/>
  <testcase name="signUpUsingGoogle" time="0.83" classname="Automation.BookMyShow.loginFunctionalityTest"/>
  <testcase name="switchWindow" time="3.631" classname="Automation.BookMyShow.loginFunctionalityTest"/>
</testsuite> <!-- login test -->
