<?xml version="1.0" encoding="UTF-8"?>
<!-- Generated by org.testng.reporters.JUnitXMLReporter -->
<testsuite hostname="DESKTOP-P8L6JL1" ignored="0" name="movie Name test" tests="3" failures="0" timestamp="04 Jul 2021 08:59:18 GMT" time="22.798" errors="0">
  <testcase name="openBrowser" time="9.672" classname="Automation.BookMyShow.movieNameCollectionTest"/>
  <testcase name="signUpNCR" time="1.449" classname="Automation.BookMyShow.movieNameCollectionTest"/>
  <testcase name="moviesData" time="7.958" classname="Automation.BookMyShow.movieNameCollectionTest"/>
</testsuite> <!-- movie Name test -->
